<?xml version="1.0" encoding="UTF-8"?>
<testng-results skipped="20" failed="0" total="20" passed="0">
  <reporter-output>
  </reporter-output>
  <suite name="Default suite" duration-ms="76" started-at="2021-03-23T16:34:51Z" finished-at="2021-03-23T16:34:51Z">
    <groups>
    </groups>
    <test name="Default test" duration-ms="76" started-at="2021-03-23T16:34:51Z" finished-at="2021-03-23T16:34:51Z">
      <class name="tc.LoginZigwheels">
        <test-method status="FAIL" signature="setup()[pri:0, instance:tc.LoginZigwheels@506e6d5e]" name="setup" is-config="true" duration-ms="0" started-at="2021-03-23T22:04:51Z" finished-at="2021-03-23T22:04:51Z">
          <exception class="java.lang.NullPointerException">
            <full-stacktrace>
              <![CDATA[java.lang.NullPointerException
	at po.Baseclass.setup(Baseclass.java:54)
	at sun.reflect.NativeMethodAccessorImpl.invoke0(Native Method)
	at sun.reflect.NativeMethodAccessorImpl.invoke(NativeMethodAccessorImpl.java:62)
	at sun.reflect.DelegatingMethodAccessorImpl.invoke(DelegatingMethodAccessorImpl.java:43)
	at java.lang.reflect.Method.invoke(Method.java:498)
	at org.testng.internal.MethodInvocationHelper.invokeMethod(MethodInvocationHelper.java:86)
	at org.testng.internal.Invoker.invokeConfigurationMethod(Invoker.java:514)
	at org.testng.internal.Invoker.invokeConfigurations(Invoker.java:215)
	at org.testng.internal.Invoker.invokeConfigurations(Invoker.java:142)
	at org.testng.internal.TestMethodWorker.invokeBeforeClassMethods(TestMethodWorker.java:178)
	at org.testng.internal.TestMethodWorker.run(TestMethodWorker.java:108)
	at org.testng.TestRunner.privateRun(TestRunner.java:782)
	at org.testng.TestRunner.run(TestRunner.java:632)
	at org.testng.SuiteRunner.runTest(SuiteRunner.java:366)
	at org.testng.SuiteRunner.runSequentially(SuiteRunner.java:361)
	at org.testng.SuiteRunner.privateRun(SuiteRunner.java:319)
	at org.testng.SuiteRunner.run(SuiteRunner.java:268)
	at org.testng.SuiteRunnerWorker.runSuite(SuiteRunnerWorker.java:52)
	at org.testng.SuiteRunnerWorker.run(SuiteRunnerWorker.java:86)
	at org.testng.TestNG.runSuitesSequentially(TestNG.java:1244)
	at org.testng.TestNG.runSuitesLocally(TestNG.java:1169)
	at org.testng.TestNG.run(TestNG.java:1064)
	at org.testng.remote.RemoteTestNG.run(RemoteTestNG.java:113)
	at org.testng.remote.RemoteTestNG.initAndRun(RemoteTestNG.java:206)
	at org.testng.remote.RemoteTestNG.main(RemoteTestNG.java:177)
]]>
            </full-stacktrace>
          </exception> <!-- java.lang.NullPointerException -->
          <reporter-output>
          </reporter-output>
        </test-method> <!-- setup -->
        <test-method status="SKIP" signature="browser()[pri:0, instance:tc.LoginZigwheels@506e6d5e]" name="browser" duration-ms="2" started-at="2021-03-23T22:04:51Z" finished-at="2021-03-23T22:04:51Z">
          <reporter-output>
          </reporter-output>
        </test-method> <!-- browser -->
        <test-method status="SKIP" signature="url()[pri:0, instance:tc.LoginZigwheels@506e6d5e]" name="url" duration-ms="1" started-at="2021-03-23T22:04:51Z" finished-at="2021-03-23T22:04:51Z">
          <reporter-output>
          </reporter-output>
        </test-method> <!-- url -->
        <test-method status="SKIP" signature="loginsearch()[pri:1, instance:tc.LoginZigwheels@506e6d5e]" name="loginsearch" duration-ms="1" started-at="2021-03-23T22:04:51Z" finished-at="2021-03-23T22:04:51Z">
          <reporter-output>
          </reporter-output>
        </test-method> <!-- loginsearch -->
        <test-method status="SKIP" signature="googlebutton()[pri:2, instance:tc.LoginZigwheels@506e6d5e]" name="googlebutton" duration-ms="1" started-at="2021-03-23T22:04:51Z" finished-at="2021-03-23T22:04:51Z">
          <reporter-output>
          </reporter-output>
        </test-method> <!-- googlebutton -->
        <test-method status="SKIP" signature="emaildata()[pri:3, instance:tc.LoginZigwheels@506e6d5e]" name="emaildata" duration-ms="1" started-at="2021-03-23T22:04:51Z" finished-at="2021-03-23T22:04:51Z">
          <reporter-output>
          </reporter-output>
        </test-method> <!-- emaildata -->
        <test-method status="SKIP" signature="verify()[pri:3, instance:tc.LoginZigwheels@506e6d5e]" name="verify" duration-ms="1" started-at="2021-03-23T22:04:51Z" finished-at="2021-03-23T22:04:51Z">
          <reporter-output>
          </reporter-output>
        </test-method> <!-- verify -->
        <test-method status="SKIP" signature="navigateback()[pri:4, instance:tc.LoginZigwheels@506e6d5e]" name="navigateback" duration-ms="1" started-at="2021-03-23T22:04:51Z" finished-at="2021-03-23T22:04:51Z">
          <reporter-output>
          </reporter-output>
        </test-method> <!-- navigateback -->
        <test-method status="SKIP" signature="bike()[pri:5, instance:tc.LoginZigwheels@506e6d5e]" name="bike" duration-ms="1" started-at="2021-03-23T22:04:51Z" finished-at="2021-03-23T22:04:51Z">
          <reporter-output>
          </reporter-output>
        </test-method> <!-- bike -->
        <test-method status="SKIP" signature="manufacture()[pri:6, instance:tc.LoginZigwheels@506e6d5e]" name="manufacture" duration-ms="1" started-at="2021-03-23T22:04:51Z" finished-at="2021-03-23T22:04:51Z">
          <reporter-output>
          </reporter-output>
        </test-method> <!-- manufacture -->
        <test-method status="SKIP" signature="honda()[pri:7, instance:tc.LoginZigwheels@506e6d5e]" name="honda" duration-ms="0" started-at="2021-03-23T22:04:51Z" finished-at="2021-03-23T22:04:51Z">
          <reporter-output>
          </reporter-output>
        </test-method> <!-- honda -->
        <test-method status="SKIP" signature="bikes4lakhs()[pri:8, instance:tc.LoginZigwheels@506e6d5e]" name="bikes4lakhs" duration-ms="0" started-at="2021-03-23T22:04:51Z" finished-at="2021-03-23T22:04:51Z">
          <reporter-output>
          </reporter-output>
        </test-method> <!-- bikes4lakhs -->
        <test-method status="SKIP" signature="mainpage()[pri:9, instance:tc.LoginZigwheels@506e6d5e]" name="mainpage" duration-ms="0" started-at="2021-03-23T22:04:51Z" finished-at="2021-03-23T22:04:51Z">
          <reporter-output>
          </reporter-output>
        </test-method> <!-- mainpage -->
        <test-method status="SKIP" signature="usedcars()[pri:10, instance:tc.LoginZigwheels@506e6d5e]" name="usedcars" duration-ms="0" started-at="2021-03-23T22:04:51Z" finished-at="2021-03-23T22:04:51Z">
          <reporter-output>
          </reporter-output>
        </test-method> <!-- usedcars -->
        <test-method status="SKIP" signature="city()[pri:11, instance:tc.LoginZigwheels@506e6d5e]" name="city" duration-ms="1" started-at="2021-03-23T22:04:51Z" finished-at="2021-03-23T22:04:51Z">
          <reporter-output>
          </reporter-output>
        </test-method> <!-- city -->
        <test-method status="SKIP" signature="chennai()[pri:12, instance:tc.LoginZigwheels@506e6d5e]" name="chennai" duration-ms="1" started-at="2021-03-23T22:04:51Z" finished-at="2021-03-23T22:04:51Z">
          <reporter-output>
          </reporter-output>
        </test-method> <!-- chennai -->
        <test-method status="SKIP" signature="recent()[pri:13, instance:tc.LoginZigwheels@506e6d5e]" name="recent" duration-ms="1" started-at="2021-03-23T22:04:51Z" finished-at="2021-03-23T22:04:51Z">
          <reporter-output>
          </reporter-output>
        </test-method> <!-- recent -->
        <test-method status="SKIP" signature="list()[pri:14, instance:tc.LoginZigwheels@506e6d5e]" name="list" duration-ms="1" started-at="2021-03-23T22:04:51Z" finished-at="2021-03-23T22:04:51Z">
          <reporter-output>
          </reporter-output>
        </test-method> <!-- list -->
        <test-method status="SKIP" signature="data()[pri:15, instance:tc.LoginZigwheels@506e6d5e]" name="data" duration-ms="0" started-at="2021-03-23T22:04:51Z" finished-at="2021-03-23T22:04:51Z">
          <reporter-output>
          </reporter-output>
        </test-method> <!-- data -->
        <test-method status="SKIP" signature="mainpage1()[pri:16, instance:tc.LoginZigwheels@506e6d5e]" name="mainpage1" duration-ms="1" started-at="2021-03-23T22:04:51Z" finished-at="2021-03-23T22:04:51Z">
          <reporter-output>
          </reporter-output>
        </test-method> <!-- mainpage1 -->
        <test-method status="SKIP" signature="moveFocusToMainWindow()[pri:17, instance:tc.LoginZigwheels@506e6d5e]" name="moveFocusToMainWindow" duration-ms="0" started-at="2021-03-23T22:04:51Z" finished-at="2021-03-23T22:04:51Z">
          <reporter-output>
          </reporter-output>
        </test-method> <!-- moveFocusToMainWindow -->
        <test-method status="SKIP" signature="teardown()[pri:0, instance:tc.LoginZigwheels@506e6d5e]" name="teardown" is-config="true" duration-ms="0" started-at="2021-03-23T22:04:51Z" finished-at="2021-03-23T22:04:51Z">
          <reporter-output>
          </reporter-output>
        </test-method> <!-- teardown -->
      </class> <!-- tc.LoginZigwheels -->
      <class name="po.Baseclass">
        <test-method status="PASS" signature="setupsuite()[pri:0, instance:po.Baseclass@2acf57e3]" name="setupsuite" is-config="true" duration-ms="2160" started-at="2021-03-23T22:04:49Z" finished-at="2021-03-23T22:04:51Z">
          <reporter-output>
          </reporter-output>
        </test-method> <!-- setupsuite -->
      </class> <!-- po.Baseclass -->
    </test> <!-- Default test -->
  </suite> <!-- Default suite -->
</testng-results>
