<?xml version="1.0" encoding="UTF-8"?>
<!-- Generated by org.testng.reporters.JUnitXMLReporter -->
<testsuite hostname="DESKTOP-OKMTJM3" name="Default test" tests="20" failures="0" timestamp="23 Mar 2021 16:34:51 GMT" time="0.076" errors="0">
  <testcase name="@BeforeClass setup" time="0.0" classname="tc.LoginZigwheels">
    <failure type="java.lang.NullPointerException">
      <![CDATA[java.lang.NullPointerException
	at po.Baseclass.setup(Baseclass.java:54)
	at sun.reflect.NativeMethodAccessorImpl.invoke0(Native Method)
	at sun.reflect.NativeMethodAccessorImpl.invoke(NativeMethodAccessorImpl.java:62)
	at sun.reflect.DelegatingMethodAccessorImpl.invoke(DelegatingMethodAccessorImpl.java:43)
	at java.lang.reflect.Method.invoke(Method.java:498)
	at org.testng.internal.MethodInvocationHelper.invokeMethod(MethodInvocationHelper.java:86)
	at org.testng.internal.Invoker.invokeConfigurationMethod(Invoker.java:514)
	at org.testng.internal.Invoker.invokeConfigurations(Invoker.java:215)
	at org.testng.internal.Invoker.invokeConfigurations(Invoker.java:142)
	at org.testng.internal.TestMethodWorker.invokeBeforeClassMethods(TestMethodWorker.java:178)
	at org.testng.internal.TestMethodWorker.run(TestMethodWorker.java:108)
	at org.testng.TestRunner.privateRun(TestRunner.java:782)
	at org.testng.TestRunner.run(TestRunner.java:632)
	at org.testng.SuiteRunner.runTest(SuiteRunner.java:366)
	at org.testng.SuiteRunner.runSequentially(SuiteRunner.java:361)
	at org.testng.SuiteRunner.privateRun(SuiteRunner.java:319)
	at org.testng.SuiteRunner.run(SuiteRunner.java:268)
	at org.testng.SuiteRunnerWorker.runSuite(SuiteRunnerWorker.java:52)
	at org.testng.SuiteRunnerWorker.run(SuiteRunnerWorker.java:86)
	at org.testng.TestNG.runSuitesSequentially(TestNG.java:1244)
	at org.testng.TestNG.runSuitesLocally(TestNG.java:1169)
	at org.testng.TestNG.run(TestNG.java:1064)
	at org.testng.remote.RemoteTestNG.run(RemoteTestNG.java:113)
	at org.testng.remote.RemoteTestNG.initAndRun(RemoteTestNG.java:206)
	at org.testng.remote.RemoteTestNG.main(RemoteTestNG.java:177)
]]>
    </failure>
  </testcase> <!-- @BeforeClass setup -->
  <testcase name="@AfterClass teardown" time="0.0" classname="tc.LoginZigwheels">
    <skipped/>
  </testcase> <!-- @AfterClass teardown -->
  <testcase name="browser" time="0.002" classname="tc.LoginZigwheels">
    <skipped/>
  </testcase> <!-- browser -->
  <testcase name="url" time="0.001" classname="tc.LoginZigwheels">
    <skipped/>
  </testcase> <!-- url -->
  <testcase name="loginsearch" time="0.001" classname="tc.LoginZigwheels">
    <skipped/>
  </testcase> <!-- loginsearch -->
  <testcase name="googlebutton" time="0.001" classname="tc.LoginZigwheels">
    <skipped/>
  </testcase> <!-- googlebutton -->
  <testcase name="emaildata" time="0.001" classname="tc.LoginZigwheels">
    <skipped/>
  </testcase> <!-- emaildata -->
  <testcase name="verify" time="0.001" classname="tc.LoginZigwheels">
    <skipped/>
  </testcase> <!-- verify -->
  <testcase name="navigateback" time="0.001" classname="tc.LoginZigwheels">
    <skipped/>
  </testcase> <!-- navigateback -->
  <testcase name="bike" time="0.001" classname="tc.LoginZigwheels">
    <skipped/>
  </testcase> <!-- bike -->
  <testcase name="manufacture" time="0.001" classname="tc.LoginZigwheels">
    <skipped/>
  </testcase> <!-- manufacture -->
  <testcase name="honda" time="0.0" classname="tc.LoginZigwheels">
    <skipped/>
  </testcase> <!-- honda -->
  <testcase name="bikes4lakhs" time="0.0" classname="tc.LoginZigwheels">
    <skipped/>
  </testcase> <!-- bikes4lakhs -->
  <testcase name="mainpage" time="0.0" classname="tc.LoginZigwheels">
    <skipped/>
  </testcase> <!-- mainpage -->
  <testcase name="usedcars" time="0.0" classname="tc.LoginZigwheels">
    <skipped/>
  </testcase> <!-- usedcars -->
  <testcase name="city" time="0.001" classname="tc.LoginZigwheels">
    <skipped/>
  </testcase> <!-- city -->
  <testcase name="chennai" time="0.001" classname="tc.LoginZigwheels">
    <skipped/>
  </testcase> <!-- chennai -->
  <testcase name="recent" time="0.001" classname="tc.LoginZigwheels">
    <skipped/>
  </testcase> <!-- recent -->
  <testcase name="list" time="0.001" classname="tc.LoginZigwheels">
    <skipped/>
  </testcase> <!-- list -->
  <testcase name="data" time="0.0" classname="tc.LoginZigwheels">
    <skipped/>
  </testcase> <!-- data -->
  <testcase name="mainpage1" time="0.001" classname="tc.LoginZigwheels">
    <skipped/>
  </testcase> <!-- mainpage1 -->
  <testcase name="moveFocusToMainWindow" time="0.0" classname="tc.LoginZigwheels">
    <skipped/>
  </testcase> <!-- moveFocusToMainWindow -->
</testsuite> <!-- Default test -->
